[0m13:09:02.344941 [debug] [MainThread]: Sending event: {'category': 'dbt', 'action': 'invocation', 'label': 'start', 'context': [<snowplow_tracker.self_describing_json.SelfDescribingJson object at 0x10ab402f0>, <snowplow_tracker.self_describing_json.SelfDescribingJson object at 0x10bc17750>, <snowplow_tracker.self_describing_json.SelfDescribingJson object at 0x10bc17890>]}


============================== 13:09:02.347125 | 2ec30b70-f859-49fc-94e9-c199613fb09a ==============================
[0m13:09:02.347125 [info ] [MainThread]: Running with dbt=1.11.0-rc3
[0m13:09:02.347395 [debug] [MainThread]: running dbt with arguments {'profiles_dir': '/Users/jorgecamposmarti/.dbt', 'debug': 'False', 'version_check': 'True', 'quiet': 'False', 'indirect_selection': 'eager', 'warn_error_options': 'WarnErrorOptionsV2(error=[], warn=[], silence=[])', 'log_path': 'logs', 'no_print': 'None', 'use_experimental_parser': 'False', 'partial_parse': 'True', 'printer_width': '80', 'cache_selected_only': 'False', 'empty': 'None', 'use_colors': 'True', 'target_path': 'None', 'warn_error': 'None', 'write_json': 'True', 'log_cache_events': 'False', 'invocation_command': 'dbt init', 'introspect': 'True', 'fail_fast': 'False', 'send_anonymous_usage_stats': 'True', 'log_format': 'default', 'static_parser': 'True'}
[0m13:09:02.355860 [info ] [MainThread]: Creating dbt configuration folder at /Users/jorgecamposmarti/.dbt
[0m13:09:21.176480 [debug] [MainThread]: Starter project path: /Users/jorgecamposmarti/Developer/Projects/dbt-with-snowflake/.venv/lib/python3.13/site-packages/dbt/include/starter_project
[0m13:09:21.192313 [info ] [MainThread]: 
Your new dbt project "dbt_sf_project" was created!

For more information on how to configure the profiles.yml file,
please consult the dbt documentation here:

  https://docs.getdbt.com/docs/configure-your-profile

One more thing:

Need help? Don't hesitate to reach out to us via GitHub issues or on Slack:

  https://community.getdbt.com/

Happy modeling!

[0m13:09:21.192884 [info ] [MainThread]: Setting up your profile.
[0m13:09:26.211189 [debug] [MainThread]: Snowflake adapter: Setting snowflake.connector to ERROR (file logging only)
[0m13:09:26.211430 [debug] [MainThread]: Snowflake adapter: Setting botocore to ERROR (file logging only)
[0m13:09:26.211555 [debug] [MainThread]: Snowflake adapter: Setting boto3 to ERROR (file logging only)
[0m13:48:28.953086 [info ] [MainThread]: Profile dbt_sf_project written to /Users/jorgecamposmarti/.dbt/profiles.yml using target's profile_template.yml and your supplied values. Run 'dbt debug' to validate the connection.
[0m13:48:28.987698 [debug] [MainThread]: Resource report: {"command_name": "init", "command_success": true, "command_wall_clock_time": 2366.6729, "process_in_blocks": "0", "process_kernel_time": 0.172772, "process_mem_max_rss": "132939776", "process_out_blocks": "0", "process_user_time": 0.655556}
[0m13:48:28.990712 [debug] [MainThread]: Command `dbt init` succeeded at 13:48:28.990487 after 2366.68 seconds
[0m13:48:28.991808 [debug] [MainThread]: Sending event: {'category': 'dbt', 'action': 'invocation', 'label': 'end', 'context': [<snowplow_tracker.self_describing_json.SelfDescribingJson object at 0x10c8ea060>, <snowplow_tracker.self_describing_json.SelfDescribingJson object at 0x10b4caf90>, <snowplow_tracker.self_describing_json.SelfDescribingJson object at 0x10c881f20>]}
[0m13:48:28.992478 [debug] [MainThread]: Flushing usage events
[0m13:48:29.520078 [debug] [MainThread]: An error was encountered while trying to flush usage events
[0m13:50:07.180984 [debug] [MainThread]: Sending event: {'category': 'dbt', 'action': 'invocation', 'label': 'start', 'context': [<snowplow_tracker.self_describing_json.SelfDescribingJson object at 0x1080982f0>, <snowplow_tracker.self_describing_json.SelfDescribingJson object at 0x10916f750>, <snowplow_tracker.self_describing_json.SelfDescribingJson object at 0x10916f890>]}


============================== 13:50:07.183598 | 2cdca19b-7421-47fe-843d-97246803b66b ==============================
[0m13:50:07.183598 [info ] [MainThread]: Running with dbt=1.11.0-rc3
[0m13:50:07.183898 [debug] [MainThread]: running dbt with arguments {'version_check': 'True', 'fail_fast': 'False', 'no_print': 'None', 'quiet': 'False', 'log_path': 'logs', 'debug': 'False', 'static_parser': 'True', 'partial_parse': 'True', 'use_experimental_parser': 'False', 'printer_width': '80', 'write_json': 'True', 'log_format': 'default', 'indirect_selection': 'eager', 'cache_selected_only': 'False', 'warn_error_options': 'WarnErrorOptionsV2(error=[], warn=[], silence=[])', 'target_path': 'None', 'profiles_dir': '/Users/jorgecamposmarti/.dbt', 'empty': 'None', 'use_colors': 'True', 'log_cache_events': 'False', 'invocation_command': 'dbt debug', 'send_anonymous_usage_stats': 'True', 'introspect': 'True', 'warn_error': 'None'}
[0m13:50:07.193819 [info ] [MainThread]: dbt version: 1.11.0-rc3
[0m13:50:07.194059 [info ] [MainThread]: python version: 3.13.0
[0m13:50:07.194188 [info ] [MainThread]: python path: /Users/jorgecamposmarti/Developer/Projects/dbt-with-snowflake/.venv/bin/python
[0m13:50:07.194300 [info ] [MainThread]: os info: macOS-26.1-arm64-arm-64bit-Mach-O
[0m13:50:07.390902 [debug] [MainThread]: Snowflake adapter: Setting snowflake.connector to ERROR (file logging only)
[0m13:50:07.391195 [debug] [MainThread]: Snowflake adapter: Setting botocore to ERROR (file logging only)
[0m13:50:07.391359 [debug] [MainThread]: Snowflake adapter: Setting boto3 to ERROR (file logging only)
[0m13:50:07.415631 [info ] [MainThread]: Using profiles dir at /Users/jorgecamposmarti/.dbt
[0m13:50:07.415876 [info ] [MainThread]: Using profiles.yml file at /Users/jorgecamposmarti/.dbt/profiles.yml
[0m13:50:07.416104 [info ] [MainThread]: Using dbt_project.yml file at /Users/jorgecamposmarti/Developer/Projects/dbt-with-snowflake/dbt_project.yml
[0m13:50:07.416436 [info ] [MainThread]: adapter type: snowflake
[0m13:50:07.416592 [info ] [MainThread]: adapter version: 1.10.4
[0m13:50:07.416723 [info ] [MainThread]: Configuration:
[0m13:50:07.416836 [info ] [MainThread]:   profiles.yml file [[32mOK found and valid[0m]
[0m13:50:07.416936 [info ] [MainThread]:   dbt_project.yml file [[31mERROR not found[0m]
[0m13:50:07.417046 [info ] [MainThread]: Required dependencies:
[0m13:50:07.417185 [debug] [MainThread]: Executing "git --help"
[0m13:50:07.433032 [debug] [MainThread]: STDOUT: "b"usage: git [-v | --version] [-h | --help] [-C <path>] [-c <name>=<value>]\n           [--exec-path[=<path>]] [--html-path] [--man-path] [--info-path]\n           [-p | --paginate | -P | --no-pager] [--no-replace-objects] [--no-lazy-fetch]\n           [--no-optional-locks] [--no-advice] [--bare] [--git-dir=<path>]\n           [--work-tree=<path>] [--namespace=<name>] [--config-env=<name>=<envvar>]\n           <command> [<args>]\n\nThese are common Git commands used in various situations:\n\nstart a working area (see also: git help tutorial)\n   clone      Clone a repository into a new directory\n   init       Create an empty Git repository or reinitialize an existing one\n\nwork on the current change (see also: git help everyday)\n   add        Add file contents to the index\n   mv         Move or rename a file, a directory, or a symlink\n   restore    Restore working tree files\n   rm         Remove files from the working tree and from the index\n\nexamine the history and state (see also: git help revisions)\n   bisect     Use binary search to find the commit that introduced a bug\n   diff       Show changes between commits, commit and working tree, etc\n   grep       Print lines matching a pattern\n   log        Show commit logs\n   show       Show various types of objects\n   status     Show the working tree status\n\ngrow, mark and tweak your common history\n   backfill   Download missing objects in a partial clone\n   branch     List, create, or delete branches\n   commit     Record changes to the repository\n   merge      Join two or more development histories together\n   rebase     Reapply commits on top of another base tip\n   reset      Reset current HEAD to the specified state\n   switch     Switch branches\n   tag        Create, list, delete or verify a tag object signed with GPG\n\ncollaborate (see also: git help workflows)\n   fetch      Download objects and refs from another repository\n   pull       Fetch from and integrate with another repository or a local branch\n   push       Update remote refs along with associated objects\n\n'git help -a' and 'git help -g' list available subcommands and some\nconcept guides. See 'git help <command>' or 'git help <concept>'\nto read about a specific subcommand or concept.\nSee 'git help git' for an overview of the system.\n""
[0m13:50:07.433526 [debug] [MainThread]: STDERR: "b''"
[0m13:50:07.433682 [info ] [MainThread]:  - git [[32mOK found[0m]

[0m13:50:07.433822 [info ] [MainThread]: Connection:
[0m13:50:07.433972 [info ] [MainThread]:   account: zdljcjm-vm31334
[0m13:50:07.434077 [info ] [MainThread]:   user: jorcamar
[0m13:50:07.434178 [info ] [MainThread]:   database: SLEEKMART_OMS
[0m13:50:07.434279 [info ] [MainThread]:   warehouse: COMPUTE_WH
[0m13:50:07.434375 [info ] [MainThread]:   role: ACCOUNTADMIN
[0m13:50:07.434469 [info ] [MainThread]:   schema: L3_CONSUMPTION
[0m13:50:07.434564 [info ] [MainThread]:   authenticator: None
[0m13:50:07.434658 [info ] [MainThread]:   oauth_client_id: None
[0m13:50:07.434753 [info ] [MainThread]:   query_tag: None
[0m13:50:07.434846 [info ] [MainThread]:   client_session_keep_alive: False
[0m13:50:07.434941 [info ] [MainThread]:   host: None
[0m13:50:07.435044 [info ] [MainThread]:   port: None
[0m13:50:07.435134 [info ] [MainThread]:   proxy_host: None
[0m13:50:07.435230 [info ] [MainThread]:   proxy_port: None
[0m13:50:07.435321 [info ] [MainThread]:   protocol: None
[0m13:50:07.435413 [info ] [MainThread]:   connect_retries: 1
[0m13:50:07.435506 [info ] [MainThread]:   connect_timeout: None
[0m13:50:07.435598 [info ] [MainThread]:   retry_on_database_errors: False
[0m13:50:07.435694 [info ] [MainThread]:   retry_all: False
[0m13:50:07.435785 [info ] [MainThread]:   insecure_mode: False
[0m13:50:07.435876 [info ] [MainThread]:   reuse_connections: True
[0m13:50:07.435970 [info ] [MainThread]:   s3_stage_vpce_dns_name: None
[0m13:50:07.436068 [info ] [MainThread]:   platform_detection_timeout_seconds: 0.0
[0m13:50:07.436381 [info ] [MainThread]: Registered adapter: snowflake=1.10.4
[0m13:50:07.485104 [debug] [MainThread]: Acquiring new snowflake connection 'debug'
[0m13:50:07.507765 [debug] [MainThread]: Using snowflake connection "debug"
[0m13:50:07.507955 [debug] [MainThread]: On debug: select 1 as id
[0m13:50:07.508066 [debug] [MainThread]: Opening a new connection, currently in state init
[0m13:50:09.280975 [debug] [MainThread]: SQL status: SUCCESS 1 in 1.773 seconds
[0m13:50:09.282801 [info ] [MainThread]:   Connection test: [[32mOK connection ok[0m]

[0m13:50:09.283396 [info ] [MainThread]: [31m1 check failed:[0m
[0m13:50:09.283829 [info ] [MainThread]: Project loading failed for the following reason:
 project path </Users/jorgecamposmarti/Developer/Projects/dbt-with-snowflake/dbt_project.yml> not found

[0m13:50:09.289906 [debug] [MainThread]: Resource report: {"command_name": "debug", "command_success": false, "command_wall_clock_time": 2.1435165, "process_in_blocks": "0", "process_kernel_time": 0.233717, "process_mem_max_rss": "154140672", "process_out_blocks": "0", "process_user_time": 0.917011}
[0m13:50:09.290653 [debug] [MainThread]: Command `dbt debug` failed at 13:50:09.290505 after 2.14 seconds
[0m13:50:09.291217 [debug] [MainThread]: Connection 'debug' was left open.
[0m13:50:09.291702 [debug] [MainThread]: On debug: Close
[0m13:50:09.487652 [debug] [MainThread]: Sending event: {'category': 'dbt', 'action': 'invocation', 'label': 'end', 'context': [<snowplow_tracker.self_describing_json.SelfDescribingJson object at 0x109f39ba0>, <snowplow_tracker.self_describing_json.SelfDescribingJson object at 0x10a3e79b0>, <snowplow_tracker.self_describing_json.SelfDescribingJson object at 0x109dd38a0>]}
[0m13:50:09.488153 [debug] [MainThread]: Flushing usage events
[0m13:50:09.977264 [debug] [MainThread]: An error was encountered while trying to flush usage events
